<?xml version="1.0" encoding="UTF-8"?>
<testsuite xmlns:xsi="http://www.w3.org/2001/XMLSchema-instance" xsi:noNamespaceSchemaLocation="https://maven.apache.org/surefire/maven-surefire-plugin/xsd/surefire-test-report-3.0.xsd" version="3.0" name="TestSuite" time="3.84" tests="2" errors="0" skipped="0" failures="0">
  <properties>
    <property name="gopherProxySet" value="false"/>
    <property name="awt.toolkit" value="sun.lwawt.macosx.LWCToolkit"/>
    <property name="file.encoding.pkg" value="sun.io"/>
    <property name="java.specification.version" value="1.8"/>
    <property name="sun.cpu.isalist" value=""/>
    <property name="sun.jnu.encoding" value="UTF-8"/>
    <property name="java.class.path" value="/Users/hjanrao/OWN/apiserver/target/test-classes:/Users/hjanrao/OWN/apiserver/target/classes:/Users/hjanrao/.m2/repository/org/apache/commons/commons-lang3/3.9/commons-lang3-3.9.jar:/Users/hjanrao/.m2/repository/org/apache/logging/log4j/log4j-api/2.12.0/log4j-api-2.12.0.jar:/Users/hjanrao/.m2/repository/org/apache/logging/log4j/log4j-core/2.12.0/log4j-core-2.12.0.jar:/Users/hjanrao/.m2/repository/org/slf4j/slf4j-simple/1.7.26/slf4j-simple-1.7.26.jar:/Users/hjanrao/.m2/repository/org/slf4j/slf4j-api/1.7.26/slf4j-api-1.7.26.jar:/Users/hjanrao/.m2/repository/io/rest-assured/rest-assured/4.0.0/rest-assured-4.0.0.jar:/Users/hjanrao/.m2/repository/org/apache/httpcomponents/httpclient/4.5.3/httpclient-4.5.3.jar:/Users/hjanrao/.m2/repository/org/apache/httpcomponents/httpcore/4.4.6/httpcore-4.4.6.jar:/Users/hjanrao/.m2/repository/commons-logging/commons-logging/1.2/commons-logging-1.2.jar:/Users/hjanrao/.m2/repository/commons-codec/commons-codec/1.9/commons-codec-1.9.jar:/Users/hjanrao/.m2/repository/org/apache/httpcomponents/httpmime/4.5.3/httpmime-4.5.3.jar:/Users/hjanrao/.m2/repository/org/hamcrest/hamcrest-core/2.1/hamcrest-core-2.1.jar:/Users/hjanrao/.m2/repository/org/hamcrest/hamcrest/2.1/hamcrest-2.1.jar:/Users/hjanrao/.m2/repository/org/hamcrest/hamcrest-library/2.1/hamcrest-library-2.1.jar:/Users/hjanrao/.m2/repository/org/ccil/cowan/tagsoup/tagsoup/1.2.1/tagsoup-1.2.1.jar:/Users/hjanrao/.m2/repository/io/rest-assured/json-path/4.0.0/json-path-4.0.0.jar:/Users/hjanrao/.m2/repository/io/rest-assured/rest-assured-common/4.0.0/rest-assured-common-4.0.0.jar:/Users/hjanrao/.m2/repository/io/rest-assured/xml-path/4.0.0/xml-path-4.0.0.jar:/Users/hjanrao/.m2/repository/javax/xml/bind/jaxb-api/2.2.12/jaxb-api-2.2.12.jar:/Users/hjanrao/.m2/repository/com/sun/xml/bind/jaxb-osgi/2.2.10/jaxb-osgi-2.2.10.jar:/Users/hjanrao/.m2/repository/org/apache/sling/org.apache.sling.javax.activation/0.1.0/org.apache.sling.javax.activation-0.1.0.jar:/Users/hjanrao/.m2/repository/javax/activation/activation/1.1.1/activation-1.1.1.jar:/Users/hjanrao/.m2/repository/com/google/guava/guava/28.0-jre/guava-28.0-jre.jar:/Users/hjanrao/.m2/repository/com/google/guava/failureaccess/1.0.1/failureaccess-1.0.1.jar:/Users/hjanrao/.m2/repository/com/google/guava/listenablefuture/9999.0-empty-to-avoid-conflict-with-guava/listenablefuture-9999.0-empty-to-avoid-conflict-with-guava.jar:/Users/hjanrao/.m2/repository/com/google/code/findbugs/jsr305/3.0.2/jsr305-3.0.2.jar:/Users/hjanrao/.m2/repository/org/checkerframework/checker-qual/2.8.1/checker-qual-2.8.1.jar:/Users/hjanrao/.m2/repository/com/google/errorprone/error_prone_annotations/2.3.2/error_prone_annotations-2.3.2.jar:/Users/hjanrao/.m2/repository/com/google/j2objc/j2objc-annotations/1.3/j2objc-annotations-1.3.jar:/Users/hjanrao/.m2/repository/org/codehaus/mojo/animal-sniffer-annotations/1.17/animal-sniffer-annotations-1.17.jar:/Users/hjanrao/.m2/repository/org/testng/testng/6.14.3/testng-6.14.3.jar:/Users/hjanrao/.m2/repository/com/beust/jcommander/1.72/jcommander-1.72.jar:/Users/hjanrao/.m2/repository/org/apache-extras/beanshell/bsh/2.0b6/bsh-2.0b6.jar:/Users/hjanrao/.m2/repository/com/google/truth/truth/1.0/truth-1.0.jar:/Users/hjanrao/.m2/repository/org/checkerframework/checker-compat-qual/2.5.5/checker-compat-qual-2.5.5.jar:/Users/hjanrao/.m2/repository/junit/junit/4.12/junit-4.12.jar:/Users/hjanrao/.m2/repository/com/googlecode/java-diff-utils/diffutils/1.3.0/diffutils-1.3.0.jar:/Users/hjanrao/.m2/repository/com/google/auto/value/auto-value-annotations/1.6.3/auto-value-annotations-1.6.3.jar:/Users/hjanrao/.m2/repository/com/google/truth/extensions/truth-java8-extension/1.0/truth-java8-extension-1.0.jar:/Users/hjanrao/.m2/repository/org/codehaus/groovy/groovy/2.5.7/groovy-2.5.7.jar:/Users/hjanrao/.m2/repository/org/codehaus/groovy/groovy-ant/2.5.7/groovy-ant-2.5.7.jar:/Users/hjanrao/.m2/repository/org/apache/ant/ant/1.9.13/ant-1.9.13.jar:/Users/hjanrao/.m2/repository/org/apache/ant/ant-junit/1.9.13/ant-junit-1.9.13.jar:/Users/hjanrao/.m2/repository/org/apache/ant/ant-launcher/1.9.13/ant-launcher-1.9.13.jar:/Users/hjanrao/.m2/repository/org/apache/ant/ant-antlr/1.9.13/ant-antlr-1.9.13.jar:/Users/hjanrao/.m2/repository/org/codehaus/groovy/groovy-cli-commons/2.5.7/groovy-cli-commons-2.5.7.jar:/Users/hjanrao/.m2/repository/commons-cli/commons-cli/1.4/commons-cli-1.4.jar:/Users/hjanrao/.m2/repository/org/codehaus/groovy/groovy-cli-picocli/2.5.7/groovy-cli-picocli-2.5.7.jar:/Users/hjanrao/.m2/repository/info/picocli/picocli/3.9.5/picocli-3.9.5.jar:/Users/hjanrao/.m2/repository/org/codehaus/groovy/groovy-console/2.5.7/groovy-console-2.5.7.jar:/Users/hjanrao/.m2/repository/org/codehaus/groovy/groovy-datetime/2.5.7/groovy-datetime-2.5.7.jar:/Users/hjanrao/.m2/repository/org/codehaus/groovy/groovy-docgenerator/2.5.7/groovy-docgenerator-2.5.7.jar:/Users/hjanrao/.m2/repository/com/thoughtworks/qdox/qdox/1.12.1/qdox-1.12.1.jar:/Users/hjanrao/.m2/repository/org/codehaus/groovy/groovy-groovydoc/2.5.7/groovy-groovydoc-2.5.7.jar:/Users/hjanrao/.m2/repository/org/codehaus/groovy/groovy-groovysh/2.5.7/groovy-groovysh-2.5.7.jar:/Users/hjanrao/.m2/repository/jline/jline/2.14.6/jline-2.14.6.jar:/Users/hjanrao/.m2/repository/org/codehaus/groovy/groovy-jmx/2.5.7/groovy-jmx-2.5.7.jar:/Users/hjanrao/.m2/repository/org/codehaus/groovy/groovy-json/2.5.7/groovy-json-2.5.7.jar:/Users/hjanrao/.m2/repository/org/codehaus/groovy/groovy-jsr223/2.5.7/groovy-jsr223-2.5.7.jar:/Users/hjanrao/.m2/repository/org/codehaus/groovy/groovy-macro/2.5.7/groovy-macro-2.5.7.jar:/Users/hjanrao/.m2/repository/org/codehaus/groovy/groovy-nio/2.5.7/groovy-nio-2.5.7.jar:/Users/hjanrao/.m2/repository/org/codehaus/groovy/groovy-servlet/2.5.7/groovy-servlet-2.5.7.jar:/Users/hjanrao/.m2/repository/org/codehaus/groovy/groovy-sql/2.5.7/groovy-sql-2.5.7.jar:/Users/hjanrao/.m2/repository/org/codehaus/groovy/groovy-swing/2.5.7/groovy-swing-2.5.7.jar:/Users/hjanrao/.m2/repository/org/codehaus/groovy/groovy-templates/2.5.7/groovy-templates-2.5.7.jar:/Users/hjanrao/.m2/repository/org/codehaus/groovy/groovy-test/2.5.7/groovy-test-2.5.7.jar:/Users/hjanrao/.m2/repository/org/codehaus/groovy/groovy-test-junit5/2.5.7/groovy-test-junit5-2.5.7.jar:/Users/hjanrao/.m2/repository/org/junit/platform/junit-platform-launcher/1.4.0/junit-platform-launcher-1.4.0.jar:/Users/hjanrao/.m2/repository/org/apiguardian/apiguardian-api/1.0.0/apiguardian-api-1.0.0.jar:/Users/hjanrao/.m2/repository/org/junit/platform/junit-platform-engine/1.4.0/junit-platform-engine-1.4.0.jar:/Users/hjanrao/.m2/repository/org/opentest4j/opentest4j/1.1.1/opentest4j-1.1.1.jar:/Users/hjanrao/.m2/repository/org/junit/platform/junit-platform-commons/1.4.0/junit-platform-commons-1.4.0.jar:/Users/hjanrao/.m2/repository/org/junit/jupiter/junit-jupiter-engine/5.4.0/junit-jupiter-engine-5.4.0.jar:/Users/hjanrao/.m2/repository/org/junit/jupiter/junit-jupiter-api/5.4.0/junit-jupiter-api-5.4.0.jar:/Users/hjanrao/.m2/repository/org/codehaus/groovy/groovy-testng/2.5.7/groovy-testng-2.5.7.jar:/Users/hjanrao/.m2/repository/org/codehaus/groovy/groovy-xml/2.5.7/groovy-xml-2.5.7.jar:/Users/hjanrao/.m2/repository/com/fasterxml/jackson/core/jackson-databind/2.4.0/jackson-databind-2.4.0.jar:/Users/hjanrao/.m2/repository/com/fasterxml/jackson/core/jackson-annotations/2.4.0/jackson-annotations-2.4.0.jar:/Users/hjanrao/.m2/repository/com/fasterxml/jackson/core/jackson-core/2.4.0/jackson-core-2.4.0.jar:"/>
    <property name="java.vm.vendor" value="Oracle Corporation"/>
    <property name="sun.arch.data.model" value="64"/>
    <property name="java.vendor.url" value="http://java.oracle.com/"/>
    <property name="user.timezone" value=""/>
    <property name="java.vm.specification.version" value="1.8"/>
    <property name="os.name" value="Mac OS X"/>
    <property name="user.country" value="DE"/>
    <property name="sun.java.launcher" value="SUN_STANDARD"/>
    <property name="sun.boot.library.path" value="/Library/Java/JavaVirtualMachines/jdk1.8.0_201.jdk/Contents/Home/jre/lib"/>
    <property name="sun.java.command" value="/Users/hjanrao/OWN/apiserver/target/surefire/surefirebooter4132424396890227707.jar /Users/hjanrao/OWN/apiserver/target/surefire 2019-08-12T12-09-43_989-jvmRun1 surefire6730062579781471448tmp surefire_06549870851298480785tmp"/>
    <property name="surefire.test.class.path" value="/Users/hjanrao/OWN/apiserver/target/test-classes:/Users/hjanrao/OWN/apiserver/target/classes:/Users/hjanrao/.m2/repository/org/apache/commons/commons-lang3/3.9/commons-lang3-3.9.jar:/Users/hjanrao/.m2/repository/org/apache/logging/log4j/log4j-api/2.12.0/log4j-api-2.12.0.jar:/Users/hjanrao/.m2/repository/org/apache/logging/log4j/log4j-core/2.12.0/log4j-core-2.12.0.jar:/Users/hjanrao/.m2/repository/org/slf4j/slf4j-simple/1.7.26/slf4j-simple-1.7.26.jar:/Users/hjanrao/.m2/repository/org/slf4j/slf4j-api/1.7.26/slf4j-api-1.7.26.jar:/Users/hjanrao/.m2/repository/io/rest-assured/rest-assured/4.0.0/rest-assured-4.0.0.jar:/Users/hjanrao/.m2/repository/org/apache/httpcomponents/httpclient/4.5.3/httpclient-4.5.3.jar:/Users/hjanrao/.m2/repository/org/apache/httpcomponents/httpcore/4.4.6/httpcore-4.4.6.jar:/Users/hjanrao/.m2/repository/commons-logging/commons-logging/1.2/commons-logging-1.2.jar:/Users/hjanrao/.m2/repository/commons-codec/commons-codec/1.9/commons-codec-1.9.jar:/Users/hjanrao/.m2/repository/org/apache/httpcomponents/httpmime/4.5.3/httpmime-4.5.3.jar:/Users/hjanrao/.m2/repository/org/hamcrest/hamcrest-core/2.1/hamcrest-core-2.1.jar:/Users/hjanrao/.m2/repository/org/hamcrest/hamcrest/2.1/hamcrest-2.1.jar:/Users/hjanrao/.m2/repository/org/hamcrest/hamcrest-library/2.1/hamcrest-library-2.1.jar:/Users/hjanrao/.m2/repository/org/ccil/cowan/tagsoup/tagsoup/1.2.1/tagsoup-1.2.1.jar:/Users/hjanrao/.m2/repository/io/rest-assured/json-path/4.0.0/json-path-4.0.0.jar:/Users/hjanrao/.m2/repository/io/rest-assured/rest-assured-common/4.0.0/rest-assured-common-4.0.0.jar:/Users/hjanrao/.m2/repository/io/rest-assured/xml-path/4.0.0/xml-path-4.0.0.jar:/Users/hjanrao/.m2/repository/javax/xml/bind/jaxb-api/2.2.12/jaxb-api-2.2.12.jar:/Users/hjanrao/.m2/repository/com/sun/xml/bind/jaxb-osgi/2.2.10/jaxb-osgi-2.2.10.jar:/Users/hjanrao/.m2/repository/org/apache/sling/org.apache.sling.javax.activation/0.1.0/org.apache.sling.javax.activation-0.1.0.jar:/Users/hjanrao/.m2/repository/javax/activation/activation/1.1.1/activation-1.1.1.jar:/Users/hjanrao/.m2/repository/com/google/guava/guava/28.0-jre/guava-28.0-jre.jar:/Users/hjanrao/.m2/repository/com/google/guava/failureaccess/1.0.1/failureaccess-1.0.1.jar:/Users/hjanrao/.m2/repository/com/google/guava/listenablefuture/9999.0-empty-to-avoid-conflict-with-guava/listenablefuture-9999.0-empty-to-avoid-conflict-with-guava.jar:/Users/hjanrao/.m2/repository/com/google/code/findbugs/jsr305/3.0.2/jsr305-3.0.2.jar:/Users/hjanrao/.m2/repository/org/checkerframework/checker-qual/2.8.1/checker-qual-2.8.1.jar:/Users/hjanrao/.m2/repository/com/google/errorprone/error_prone_annotations/2.3.2/error_prone_annotations-2.3.2.jar:/Users/hjanrao/.m2/repository/com/google/j2objc/j2objc-annotations/1.3/j2objc-annotations-1.3.jar:/Users/hjanrao/.m2/repository/org/codehaus/mojo/animal-sniffer-annotations/1.17/animal-sniffer-annotations-1.17.jar:/Users/hjanrao/.m2/repository/org/testng/testng/6.14.3/testng-6.14.3.jar:/Users/hjanrao/.m2/repository/com/beust/jcommander/1.72/jcommander-1.72.jar:/Users/hjanrao/.m2/repository/org/apache-extras/beanshell/bsh/2.0b6/bsh-2.0b6.jar:/Users/hjanrao/.m2/repository/com/google/truth/truth/1.0/truth-1.0.jar:/Users/hjanrao/.m2/repository/org/checkerframework/checker-compat-qual/2.5.5/checker-compat-qual-2.5.5.jar:/Users/hjanrao/.m2/repository/junit/junit/4.12/junit-4.12.jar:/Users/hjanrao/.m2/repository/com/googlecode/java-diff-utils/diffutils/1.3.0/diffutils-1.3.0.jar:/Users/hjanrao/.m2/repository/com/google/auto/value/auto-value-annotations/1.6.3/auto-value-annotations-1.6.3.jar:/Users/hjanrao/.m2/repository/com/google/truth/extensions/truth-java8-extension/1.0/truth-java8-extension-1.0.jar:/Users/hjanrao/.m2/repository/org/codehaus/groovy/groovy/2.5.7/groovy-2.5.7.jar:/Users/hjanrao/.m2/repository/org/codehaus/groovy/groovy-ant/2.5.7/groovy-ant-2.5.7.jar:/Users/hjanrao/.m2/repository/org/apache/ant/ant/1.9.13/ant-1.9.13.jar:/Users/hjanrao/.m2/repository/org/apache/ant/ant-junit/1.9.13/ant-junit-1.9.13.jar:/Users/hjanrao/.m2/repository/org/apache/ant/ant-launcher/1.9.13/ant-launcher-1.9.13.jar:/Users/hjanrao/.m2/repository/org/apache/ant/ant-antlr/1.9.13/ant-antlr-1.9.13.jar:/Users/hjanrao/.m2/repository/org/codehaus/groovy/groovy-cli-commons/2.5.7/groovy-cli-commons-2.5.7.jar:/Users/hjanrao/.m2/repository/commons-cli/commons-cli/1.4/commons-cli-1.4.jar:/Users/hjanrao/.m2/repository/org/codehaus/groovy/groovy-cli-picocli/2.5.7/groovy-cli-picocli-2.5.7.jar:/Users/hjanrao/.m2/repository/info/picocli/picocli/3.9.5/picocli-3.9.5.jar:/Users/hjanrao/.m2/repository/org/codehaus/groovy/groovy-console/2.5.7/groovy-console-2.5.7.jar:/Users/hjanrao/.m2/repository/org/codehaus/groovy/groovy-datetime/2.5.7/groovy-datetime-2.5.7.jar:/Users/hjanrao/.m2/repository/org/codehaus/groovy/groovy-docgenerator/2.5.7/groovy-docgenerator-2.5.7.jar:/Users/hjanrao/.m2/repository/com/thoughtworks/qdox/qdox/1.12.1/qdox-1.12.1.jar:/Users/hjanrao/.m2/repository/org/codehaus/groovy/groovy-groovydoc/2.5.7/groovy-groovydoc-2.5.7.jar:/Users/hjanrao/.m2/repository/org/codehaus/groovy/groovy-groovysh/2.5.7/groovy-groovysh-2.5.7.jar:/Users/hjanrao/.m2/repository/jline/jline/2.14.6/jline-2.14.6.jar:/Users/hjanrao/.m2/repository/org/codehaus/groovy/groovy-jmx/2.5.7/groovy-jmx-2.5.7.jar:/Users/hjanrao/.m2/repository/org/codehaus/groovy/groovy-json/2.5.7/groovy-json-2.5.7.jar:/Users/hjanrao/.m2/repository/org/codehaus/groovy/groovy-jsr223/2.5.7/groovy-jsr223-2.5.7.jar:/Users/hjanrao/.m2/repository/org/codehaus/groovy/groovy-macro/2.5.7/groovy-macro-2.5.7.jar:/Users/hjanrao/.m2/repository/org/codehaus/groovy/groovy-nio/2.5.7/groovy-nio-2.5.7.jar:/Users/hjanrao/.m2/repository/org/codehaus/groovy/groovy-servlet/2.5.7/groovy-servlet-2.5.7.jar:/Users/hjanrao/.m2/repository/org/codehaus/groovy/groovy-sql/2.5.7/groovy-sql-2.5.7.jar:/Users/hjanrao/.m2/repository/org/codehaus/groovy/groovy-swing/2.5.7/groovy-swing-2.5.7.jar:/Users/hjanrao/.m2/repository/org/codehaus/groovy/groovy-templates/2.5.7/groovy-templates-2.5.7.jar:/Users/hjanrao/.m2/repository/org/codehaus/groovy/groovy-test/2.5.7/groovy-test-2.5.7.jar:/Users/hjanrao/.m2/repository/org/codehaus/groovy/groovy-test-junit5/2.5.7/groovy-test-junit5-2.5.7.jar:/Users/hjanrao/.m2/repository/org/junit/platform/junit-platform-launcher/1.4.0/junit-platform-launcher-1.4.0.jar:/Users/hjanrao/.m2/repository/org/apiguardian/apiguardian-api/1.0.0/apiguardian-api-1.0.0.jar:/Users/hjanrao/.m2/repository/org/junit/platform/junit-platform-engine/1.4.0/junit-platform-engine-1.4.0.jar:/Users/hjanrao/.m2/repository/org/opentest4j/opentest4j/1.1.1/opentest4j-1.1.1.jar:/Users/hjanrao/.m2/repository/org/junit/platform/junit-platform-commons/1.4.0/junit-platform-commons-1.4.0.jar:/Users/hjanrao/.m2/repository/org/junit/jupiter/junit-jupiter-engine/5.4.0/junit-jupiter-engine-5.4.0.jar:/Users/hjanrao/.m2/repository/org/junit/jupiter/junit-jupiter-api/5.4.0/junit-jupiter-api-5.4.0.jar:/Users/hjanrao/.m2/repository/org/codehaus/groovy/groovy-testng/2.5.7/groovy-testng-2.5.7.jar:/Users/hjanrao/.m2/repository/org/codehaus/groovy/groovy-xml/2.5.7/groovy-xml-2.5.7.jar:/Users/hjanrao/.m2/repository/com/fasterxml/jackson/core/jackson-databind/2.4.0/jackson-databind-2.4.0.jar:/Users/hjanrao/.m2/repository/com/fasterxml/jackson/core/jackson-annotations/2.4.0/jackson-annotations-2.4.0.jar:/Users/hjanrao/.m2/repository/com/fasterxml/jackson/core/jackson-core/2.4.0/jackson-core-2.4.0.jar:"/>
    <property name="sun.cpu.endian" value="little"/>
    <property name="user.home" value="/Users/hjanrao"/>
    <property name="user.language" value="en"/>
    <property name="java.specification.vendor" value="Oracle Corporation"/>
    <property name="java.home" value="/Library/Java/JavaVirtualMachines/jdk1.8.0_201.jdk/Contents/Home/jre"/>
    <property name="basedir" value="/Users/hjanrao/OWN/apiserver"/>
    <property name="file.separator" value="/"/>
    <property name="line.separator" value="&#10;"/>
    <property name="java.vm.specification.vendor" value="Oracle Corporation"/>
    <property name="java.specification.name" value="Java Platform API Specification"/>
    <property name="java.awt.graphicsenv" value="sun.awt.CGraphicsEnvironment"/>
    <property name="surefire.real.class.path" value="/Users/hjanrao/OWN/apiserver/target/surefire/surefirebooter4132424396890227707.jar"/>
    <property name="sun.boot.class.path" value="/Library/Java/JavaVirtualMachines/jdk1.8.0_201.jdk/Contents/Home/jre/lib/resources.jar:/Library/Java/JavaVirtualMachines/jdk1.8.0_201.jdk/Contents/Home/jre/lib/rt.jar:/Library/Java/JavaVirtualMachines/jdk1.8.0_201.jdk/Contents/Home/jre/lib/sunrsasign.jar:/Library/Java/JavaVirtualMachines/jdk1.8.0_201.jdk/Contents/Home/jre/lib/jsse.jar:/Library/Java/JavaVirtualMachines/jdk1.8.0_201.jdk/Contents/Home/jre/lib/jce.jar:/Library/Java/JavaVirtualMachines/jdk1.8.0_201.jdk/Contents/Home/jre/lib/charsets.jar:/Library/Java/JavaVirtualMachines/jdk1.8.0_201.jdk/Contents/Home/jre/lib/jfr.jar:/Library/Java/JavaVirtualMachines/jdk1.8.0_201.jdk/Contents/Home/jre/classes"/>
    <property name="sun.management.compiler" value="HotSpot 64-Bit Tiered Compilers"/>
    <property name="java.runtime.version" value="1.8.0_201-b09"/>
    <property name="user.name" value="hjanrao"/>
    <property name="path.separator" value=":"/>
    <property name="os.version" value="10.14.5"/>
    <property name="java.endorsed.dirs" value="/Library/Java/JavaVirtualMachines/jdk1.8.0_201.jdk/Contents/Home/jre/lib/endorsed"/>
    <property name="java.runtime.name" value="Java(TM) SE Runtime Environment"/>
    <property name="file.encoding" value="UTF-8"/>
    <property name="java.vm.name" value="Java HotSpot(TM) 64-Bit Server VM"/>
    <property name="localRepository" value="/Users/hjanrao/.m2/repository"/>
    <property name="java.vendor.url.bug" value="http://bugreport.sun.com/bugreport/"/>
    <property name="java.io.tmpdir" value="/var/folders/_g/dtgs_lxs3qg0xjfz8jt7l60000g8w_/T/"/>
    <property name="java.version" value="1.8.0_201"/>
    <property name="user.dir" value="/Users/hjanrao/OWN/apiserver"/>
    <property name="os.arch" value="x86_64"/>
    <property name="java.vm.specification.name" value="Java Virtual Machine Specification"/>
    <property name="java.awt.printerjob" value="sun.lwawt.macosx.CPrinterJob"/>
    <property name="sun.os.patch.level" value="unknown"/>
    <property name="java.library.path" value="/Users/hjanrao/Library/Java/Extensions:/Library/Java/Extensions:/Network/Library/Java/Extensions:/System/Library/Java/Extensions:/usr/lib/java:."/>
    <property name="java.vm.info" value="mixed mode"/>
    <property name="java.vendor" value="Oracle Corporation"/>
    <property name="java.vm.version" value="25.201-b09"/>
    <property name="java.ext.dirs" value="/Users/hjanrao/Library/Java/Extensions:/Library/Java/JavaVirtualMachines/jdk1.8.0_201.jdk/Contents/Home/jre/lib/ext:/Library/Java/Extensions:/Network/Library/Java/Extensions:/System/Library/Java/Extensions:/usr/lib/java"/>
    <property name="sun.io.unicode.encoding" value="UnicodeBig"/>
    <property name="java.class.version" value="52.0"/>
  </properties>
  <testcase name="create_new_booking" classname="api.tests.BookingTests" time="2.684"/>
  <testcase name="pingTestServer" classname="api.tests.BookingTests" time="0.59"/>
</testsuite>