<?xml version="1.0" encoding="UTF-8"?>
<!-- Generated by org.testng.reporters.JUnitReportReporter -->
<testsuite skipped="0" hostname="ALT01722" name="api.tests.BookingTests" tests="2" failures="0" timestamp="12 Aug 2019 10:09:48 GMT" time="3.281" errors="0">
  <testcase name="pingTestServer" time="0.591" classname="api.tests.BookingTests"/>
  <testcase name="create_new_booking" time="2.690" classname="api.tests.BookingTests"/>
</testsuite> <!-- api.tests.BookingTests -->
